e:\learning\cis660\mayapluginhw2\release\vc142.pdb
e:\learning\cis660\mayapluginhw2\release\vec.obj
e:\learning\cis660\mayapluginhw2\release\main.obj
e:\learning\cis660\mayapluginhw2\release\lsystem.obj
e:\learning\cis660\mayapluginhw2\bin\lsystem.exe
e:\learning\cis660\mayapluginhw2\bin\lsystem.pdb
e:\learning\cis660\mayapluginhw2\release\cylinder.obj
e:\learning\cis660\mayapluginhw2\release\lsystemcmd.obj
e:\learning\cis660\mayapluginhw2\release\lsystemnode.obj
e:\learning\cis660\mayapluginhw2\release\pluginmain.obj
e:\learning\cis660\mayapluginhw2\release\myplugin.exp
e:\learning\cis660\mayapluginhw2\release\myplugin.pdb
e:\learning\cis660\mayapluginhw2\.\bin\lsystem.exe
e:\learning\cis660\mayapluginhw2\release\lsystem.tlog\cl.command.1.tlog
e:\learning\cis660\mayapluginhw2\release\lsystem.tlog\cl.read.1.tlog
e:\learning\cis660\mayapluginhw2\release\lsystem.tlog\cl.write.1.tlog
e:\learning\cis660\mayapluginhw2\release\lsystem.tlog\link.command.1.tlog
e:\learning\cis660\mayapluginhw2\release\lsystem.tlog\link.delete.1.tlog
e:\learning\cis660\mayapluginhw2\release\lsystem.tlog\link.read.1.tlog
e:\learning\cis660\mayapluginhw2\release\lsystem.tlog\link.write.1.tlog
